<?xml version="1.0" encoding="UTF-8"?>
<testng-results ignored="0" total="1" passed="1" failed="0" skipped="0">
  <reporter-output>
  </reporter-output>
  <suite started-at="2023-04-30T12:21:32 CEST" name="Suite" finished-at="2023-04-30T12:21:50 CEST" duration-ms="17953">
    <groups>
    </groups>
    <test started-at="2023-04-30T12:21:32 CEST" name="Test" finished-at="2023-04-30T12:21:50 CEST" duration-ms="17953">
      <class name="addToCart.KdtScript">
        <test-method signature="addToCartTestCase()[pri:0, instance:addToCart.KdtScript@618425b5]" started-at="2023-04-30T12:21:32 CEST" name="addToCartTestCase" finished-at="2023-04-30T12:21:50 CEST" duration-ms="17903" status="PASS">
          <reporter-output>
          </reporter-output>
        </test-method> <!-- addToCartTestCase -->
      </class> <!-- addToCart.KdtScript -->
    </test> <!-- Test -->
  </suite> <!-- Suite -->
</testng-results>
